2026-04-30 00:43:23,391 ERROR org.springframework.boot.SpringApplication [main] Application run failed
java.lang.IllegalStateException: java.lang.IllegalStateException: Logback configuration error detected: 
ERROR in ch.qos.logback.classic.pattern.ClassOfCallerConverter@55493582 - failed to parse integer string [1.] java.lang.NumberFormatException: For input string: "1."
	at org.springframework.boot.context.logging.LoggingApplicationListener.initializeSystem(LoggingApplicationListener.java:347)
	at org.springframework.boot.context.logging.LoggingApplicationListener.initialize(LoggingApplicationListener.java:298)
	at org.springframework.boot.context.logging.LoggingApplicationListener.onApplicationEnvironmentPreparedEvent(LoggingApplicationListener.java:246)
	at org.springframework.boot.context.logging.LoggingApplicationListener.onApplicationEvent(LoggingApplicationListener.java:223)
	at org.springframework.context.event.SimpleApplicationEventMulticaster.doInvokeListener(SimpleApplicationEventMulticaster.java:174)
	at org.springframework.context.event.SimpleApplicationEventMulticaster.invokeListener(SimpleApplicationEventMulticaster.java:167)
	at org.springframework.context.event.SimpleApplicationEventMulticaster.multicastEvent(SimpleApplicationEventMulticaster.java:145)
	at org.springframework.context.event.SimpleApplicationEventMulticaster.multicastEvent(SimpleApplicationEventMulticaster.java:133)
	at org.springframework.boot.context.event.EventPublishingRunListener.multicastInitialEvent(EventPublishingRunListener.java:136)
	at org.springframework.boot.context.event.EventPublishingRunListener.environmentPrepared(EventPublishingRunListener.java:81)
	at org.springframework.boot.SpringApplicationRunListeners.lambda$environmentPrepared$2(SpringApplicationRunListeners.java:64)
	at java.base/java.lang.Iterable.forEach(Iterable.java:75)
	at org.springframework.boot.SpringApplicationRunListeners.doWithListeners(SpringApplicationRunListeners.java:118)
	at org.springframework.boot.SpringApplicationRunListeners.doWithListeners(SpringApplicationRunListeners.java:112)
	at org.springframework.boot.SpringApplicationRunListeners.environmentPrepared(SpringApplicationRunListeners.java:63)
	at org.springframework.boot.SpringApplication.prepareEnvironment(SpringApplication.java:360)
	at org.springframework.boot.SpringApplication.run(SpringApplication.java:311)
	at org.springframework.boot.SpringApplication.run(SpringApplication.java:1306)
	at org.springframework.boot.SpringApplication.run(SpringApplication.java:1295)
	at com.ems.EmsApplication.main(EmsApplication.java:10)
Caused by: java.lang.IllegalStateException: Logback configuration error detected: 
ERROR in ch.qos.logback.classic.pattern.ClassOfCallerConverter@55493582 - failed to parse integer string [1.] java.lang.NumberFormatException: For input string: "1."
	at org.springframework.boot.logging.logback.LogbackLoggingSystem.reportConfigurationErrorsIfNecessary(LogbackLoggingSystem.java:275)
	at org.springframework.boot.logging.logback.LogbackLoggingSystem.loadConfiguration(LogbackLoggingSystem.java:253)
	at org.springframework.boot.logging.AbstractLoggingSystem.initializeWithConventions(AbstractLoggingSystem.java:80)
	at org.springframework.boot.logging.AbstractLoggingSystem.initialize(AbstractLoggingSystem.java:60)
	at org.springframework.boot.logging.logback.LogbackLoggingSystem.initialize(LogbackLoggingSystem.java:189)
	at org.springframework.boot.context.logging.LoggingApplicationListener.initializeSystem(LoggingApplicationListener.java:332)
	... 19 common frames omitted
	Suppressed: java.lang.NumberFormatException: For input string: "1."
		at java.base/java.lang.NumberFormatException.forInputString(NumberFormatException.java:67)
		at java.base/java.lang.Integer.parseInt(Integer.java:668)
		at java.base/java.lang.Integer.parseInt(Integer.java:786)
		at ch.qos.logback.classic.pattern.NamedConverter.start(NamedConverter.java:92)
		at ch.qos.logback.core.pattern.ConverterUtil.startConverters(ConverterUtil.java:37)
		at ch.qos.logback.core.pattern.PatternLayoutBase.start(PatternLayoutBase.java:90)
		at ch.qos.logback.classic.encoder.PatternLayoutEncoder.start(PatternLayoutEncoder.java:28)
		at ch.qos.logback.core.model.processor.ImplicitModelHandler.postHandleComplex(ImplicitModelHandler.java:208)
		at ch.qos.logback.core.model.processor.ImplicitModelHandler.postHandle(ImplicitModelHandler.java:186)
		at ch.qos.logback.core.model.processor.DefaultProcessor.secondPhaseTraverse(DefaultProcessor.java:257)
		at ch.qos.logback.core.model.processor.DefaultProcessor.secondPhaseTraverse(DefaultProcessor.java:253)
		at ch.qos.logback.core.model.processor.DefaultProcessor.secondPhaseTraverse(DefaultProcessor.java:253)
		at ch.qos.logback.core.model.processor.DefaultProcessor.traversalLoop(DefaultProcessor.java:90)
		at ch.qos.logback.core.model.processor.DefaultProcessor.process(DefaultProcessor.java:106)
		at ch.qos.logback.core.joran.GenericXMLConfigurator.processModel(GenericXMLConfigurator.java:208)
		at org.springframework.boot.logging.logback.SpringBootJoranConfigurator.processModel(SpringBootJoranConfigurator.java:122)
		at ch.qos.logback.core.joran.GenericXMLConfigurator.doConfigure(GenericXMLConfigurator.java:170)
		at ch.qos.logback.core.joran.GenericXMLConfigurator.doConfigure(GenericXMLConfigurator.java:122)
		at ch.qos.logback.core.joran.GenericXMLConfigurator.doConfigure(GenericXMLConfigurator.java:65)
		at org.springframework.boot.logging.logback.LogbackLoggingSystem.configureByResourceUrl(LogbackLoggingSystem.java:285)
		at org.springframework.boot.logging.logback.LogbackLoggingSystem.lambda$loadConfiguration$1(LogbackLoggingSystem.java:247)
		at org.springframework.boot.logging.logback.LogbackLoggingSystem.withLoggingSuppressed(LogbackLoggingSystem.java:460)
		at org.springframework.boot.logging.logback.LogbackLoggingSystem.loadConfiguration(LogbackLoggingSystem.java:242)
		... 23 common frames omitted
2026-04-30 00:44:44,476 INFO  o.h.validator.internal.util.Version [background-preinit] HV000001: Hibernate Validator 8.0.1.Final
2026-04-30 00:44:44,532 INFO  com.ems.EmsApplication [main] Starting EmsApplication using Java 17.0.18 with PID 22524 (C:\Users\MSI\Documents\GitHub\Employee-management-system\target\classes started by MSI in C:\Users\MSI\Documents\GitHub\Employee-management-system)
2026-04-30 00:44:44,533 DEBUG com.ems.EmsApplication [main] Running with Spring Boot v3.1.5, Spring v6.0.13
2026-04-30 00:44:44,533 INFO  com.ems.EmsApplication [main] No active profile set, falling back to 1 default profile: "default"
2026-04-30 00:44:45,482 INFO  o.s.d.r.c.RepositoryConfigurationDelegate [main] Bootstrapping Spring Data JPA repositories in DEFAULT mode.
2026-04-30 00:44:45,564 INFO  o.s.d.r.c.RepositoryConfigurationDelegate [main] Finished Spring Data repository scanning in 70 ms. Found 6 JPA repository interfaces.
2026-04-30 00:44:46,306 INFO  o.s.b.w.e.tomcat.TomcatWebServer [main] Tomcat initialized with port(s): 8081 (http)
2026-04-30 00:44:46,317 INFO  o.a.coyote.http11.Http11NioProtocol [main] Initializing ProtocolHandler ["http-nio-8081"]
2026-04-30 00:44:46,320 INFO  o.a.catalina.core.StandardService [main] Starting service [Tomcat]
2026-04-30 00:44:46,321 INFO  o.a.catalina.core.StandardEngine [main] Starting Servlet engine: [Apache Tomcat/10.1.15]
2026-04-30 00:44:46,431 INFO  o.a.c.c.C.[Tomcat].[localhost].[/] [main] Initializing Spring embedded WebApplicationContext
2026-04-30 00:44:46,433 INFO  o.s.b.w.s.c.ServletWebServerApplicationContext [main] Root WebApplicationContext: initialization completed in 1843 ms
2026-04-30 00:44:46,581 INFO  o.h.jpa.internal.util.LogHelper [main] HHH000204: Processing PersistenceUnitInfo [name: default]
2026-04-30 00:44:46,650 INFO  org.hibernate.Version [main] HHH000412: Hibernate ORM core version 6.2.13.Final
2026-04-30 00:44:46,655 INFO  org.hibernate.cfg.Environment [main] HHH000406: Using bytecode reflection optimizer
2026-04-30 00:44:46,981 INFO  o.s.o.j.p.SpringPersistenceUnitInfo [main] No LoadTimeWeaver setup: ignoring JPA class transformer
2026-04-30 00:44:47,029 INFO  com.zaxxer.hikari.HikariDataSource [main] HikariPool-1 - Starting...
2026-04-30 00:44:47,297 INFO  com.zaxxer.hikari.pool.HikariPool [main] HikariPool-1 - Added connection com.mysql.cj.jdbc.ConnectionImpl@4e2cdc51
2026-04-30 00:44:47,299 INFO  com.zaxxer.hikari.HikariDataSource [main] HikariPool-1 - Start completed.
2026-04-30 00:44:47,381 WARN  org.hibernate.orm.deprecation [main] HHH90000025: MySQLDialect does not need to be specified explicitly using 'hibernate.dialect' (remove the property setting and it will be selected by default)
2026-04-30 00:44:48,397 INFO  o.h.e.t.j.p.i.JtaPlatformInitiator [main] HHH000489: No JTA platform available (set 'hibernate.transaction.jta.platform' to enable JTA platform integration)
2026-04-30 00:44:48,601 INFO  o.s.o.j.LocalContainerEntityManagerFactoryBean [main] Initialized JPA EntityManagerFactory for persistence unit 'default'
2026-04-30 00:44:48,980 DEBUG com.ems.security.JwtRequestFilter [main] Filter 'jwtRequestFilter' configured for use
2026-04-30 00:44:49,047 INFO  o.s.d.j.r.query.QueryEnhancerFactory [main] Hibernate is in classpath; If applicable, HQL parser will be used.
2026-04-30 00:44:49,707 WARN  o.s.b.a.o.j.JpaBaseConfiguration$JpaWebConfiguration [main] spring.jpa.open-in-view is enabled by default. Therefore, database queries may be performed during view rendering. Explicitly configure spring.jpa.open-in-view to disable this warning
2026-04-30 00:44:49,832 INFO  o.s.b.a.w.s.WelcomePageHandlerMapping [main] Adding welcome page: class path resource [static/index.html]
2026-04-30 00:44:50,082 INFO  o.s.s.web.DefaultSecurityFilterChain [main] Will secure any request with [org.springframework.security.web.session.DisableEncodeUrlFilter@3a33d655, org.springframework.security.web.context.request.async.WebAsyncManagerIntegrationFilter@526a1b51, org.springframework.security.web.context.SecurityContextHolderFilter@27a8bfa1, org.springframework.security.web.header.HeaderWriterFilter@5d8c03cc, org.springframework.security.web.authentication.logout.LogoutFilter@50c99398, com.ems.security.JwtRequestFilter@164db8f0, org.springframework.security.web.authentication.www.BasicAuthenticationFilter@d2ca3a9, org.springframework.security.web.savedrequest.RequestCacheAwareFilter@46c28400, org.springframework.security.web.servletapi.SecurityContextHolderAwareRequestFilter@4f5d587c, org.springframework.security.web.authentication.AnonymousAuthenticationFilter@4f45290f, org.springframework.security.web.session.SessionManagementFilter@3b09582d, org.springframework.security.web.access.ExceptionTranslationFilter@71ad1d0b, org.springframework.security.web.access.intercept.AuthorizationFilter@68823b6b]
2026-04-30 00:44:50,286 INFO  o.a.coyote.http11.Http11NioProtocol [main] Starting ProtocolHandler ["http-nio-8081"]
2026-04-30 00:44:50,312 INFO  o.s.b.w.e.tomcat.TomcatWebServer [main] Tomcat started on port(s): 8081 (http) with context path ''
2026-04-30 00:44:50,323 INFO  com.ems.EmsApplication [main] Started EmsApplication in 6.458 seconds (process running for 6.965)
2026-04-30 00:44:56,425 INFO  o.a.c.c.C.[Tomcat].[localhost].[/] [http-nio-8081-exec-1] Initializing Spring DispatcherServlet 'dispatcherServlet'
2026-04-30 00:44:56,426 INFO  o.s.web.servlet.DispatcherServlet [http-nio-8081-exec-1] Initializing Servlet 'dispatcherServlet'
2026-04-30 00:44:56,428 INFO  o.s.web.servlet.DispatcherServlet [http-nio-8081-exec-1] Completed initialization in 2 ms
2026-04-30 00:45:23,194 WARN  o.s.s.c.bcrypt.BCryptPasswordEncoder [http-nio-8081-exec-4] Encoded password does not look like BCrypt
2026-04-30 00:46:32,446 INFO  o.s.o.j.LocalContainerEntityManagerFactoryBean [SpringApplicationShutdownHook] Closing JPA EntityManagerFactory for persistence unit 'default'
2026-04-30 00:46:32,449 INFO  com.zaxxer.hikari.HikariDataSource [SpringApplicationShutdownHook] HikariPool-1 - Shutdown initiated...
2026-04-30 00:46:32,461 INFO  com.zaxxer.hikari.HikariDataSource [SpringApplicationShutdownHook] HikariPool-1 - Shutdown completed.
2026-04-30 00:46:39,117 INFO  o.h.validator.internal.util.Version [background-preinit] HV000001: Hibernate Validator 8.0.1.Final
2026-04-30 00:46:39,173 INFO  com.ems.EmsApplication [main] Starting EmsApplication using Java 17.0.18 with PID 3408 (C:\Users\MSI\Documents\GitHub\Employee-management-system\target\classes started by MSI in C:\Users\MSI\Documents\GitHub\Employee-management-system)
2026-04-30 00:46:39,174 DEBUG com.ems.EmsApplication [main] Running with Spring Boot v3.1.5, Spring v6.0.13
2026-04-30 00:46:39,175 INFO  com.ems.EmsApplication [main] No active profile set, falling back to 1 default profile: "default"
2026-04-30 00:46:40,105 INFO  o.s.d.r.c.RepositoryConfigurationDelegate [main] Bootstrapping Spring Data JPA repositories in DEFAULT mode.
2026-04-30 00:46:40,211 INFO  o.s.d.r.c.RepositoryConfigurationDelegate [main] Finished Spring Data repository scanning in 92 ms. Found 6 JPA repository interfaces.
2026-04-30 00:46:40,953 INFO  o.s.b.w.e.tomcat.TomcatWebServer [main] Tomcat initialized with port(s): 8081 (http)
2026-04-30 00:46:40,964 INFO  o.a.coyote.http11.Http11NioProtocol [main] Initializing ProtocolHandler ["http-nio-8081"]
2026-04-30 00:46:40,968 INFO  o.a.catalina.core.StandardService [main] Starting service [Tomcat]
2026-04-30 00:46:40,968 INFO  o.a.catalina.core.StandardEngine [main] Starting Servlet engine: [Apache Tomcat/10.1.15]
2026-04-30 00:46:41,093 INFO  o.a.c.c.C.[Tomcat].[localhost].[/] [main] Initializing Spring embedded WebApplicationContext
2026-04-30 00:46:41,096 INFO  o.s.b.w.s.c.ServletWebServerApplicationContext [main] Root WebApplicationContext: initialization completed in 1868 ms
2026-04-30 00:46:41,261 INFO  o.h.jpa.internal.util.LogHelper [main] HHH000204: Processing PersistenceUnitInfo [name: default]
2026-04-30 00:46:41,343 INFO  org.hibernate.Version [main] HHH000412: Hibernate ORM core version 6.2.13.Final
2026-04-30 00:46:41,348 INFO  org.hibernate.cfg.Environment [main] HHH000406: Using bytecode reflection optimizer
2026-04-30 00:46:41,872 INFO  o.s.o.j.p.SpringPersistenceUnitInfo [main] No LoadTimeWeaver setup: ignoring JPA class transformer
2026-04-30 00:46:41,917 INFO  com.zaxxer.hikari.HikariDataSource [main] HikariPool-1 - Starting...
2026-04-30 00:46:42,069 INFO  com.zaxxer.hikari.pool.HikariPool [main] HikariPool-1 - Added connection com.mysql.cj.jdbc.ConnectionImpl@315b4202
2026-04-30 00:46:42,071 INFO  com.zaxxer.hikari.HikariDataSource [main] HikariPool-1 - Start completed.
2026-04-30 00:46:42,159 WARN  org.hibernate.orm.deprecation [main] HHH90000025: MySQLDialect does not need to be specified explicitly using 'hibernate.dialect' (remove the property setting and it will be selected by default)
2026-04-30 00:46:43,261 INFO  o.h.e.t.j.p.i.JtaPlatformInitiator [main] HHH000489: No JTA platform available (set 'hibernate.transaction.jta.platform' to enable JTA platform integration)
2026-04-30 00:46:43,399 INFO  o.s.o.j.LocalContainerEntityManagerFactoryBean [main] Initialized JPA EntityManagerFactory for persistence unit 'default'
2026-04-30 00:46:43,761 DEBUG com.ems.security.JwtRequestFilter [main] Filter 'jwtRequestFilter' configured for use
2026-04-30 00:46:43,830 INFO  o.s.d.j.r.query.QueryEnhancerFactory [main] Hibernate is in classpath; If applicable, HQL parser will be used.
2026-04-30 00:46:44,402 WARN  o.s.b.a.o.j.JpaBaseConfiguration$JpaWebConfiguration [main] spring.jpa.open-in-view is enabled by default. Therefore, database queries may be performed during view rendering. Explicitly configure spring.jpa.open-in-view to disable this warning
2026-04-30 00:46:44,492 INFO  o.s.b.a.w.s.WelcomePageHandlerMapping [main] Adding welcome page: class path resource [static/index.html]
2026-04-30 00:46:44,734 INFO  o.s.s.web.DefaultSecurityFilterChain [main] Will secure any request with [org.springframework.security.web.session.DisableEncodeUrlFilter@29f72685, org.springframework.security.web.context.request.async.WebAsyncManagerIntegrationFilter@4f8488ef, org.springframework.security.web.context.SecurityContextHolderFilter@39cf7f3c, org.springframework.security.web.header.HeaderWriterFilter@55fc6344, org.springframework.security.web.authentication.logout.LogoutFilter@6a2d0a19, com.ems.security.JwtRequestFilter@6b9fc5c7, org.springframework.security.web.savedrequest.RequestCacheAwareFilter@2fb9695a, org.springframework.security.web.servletapi.SecurityContextHolderAwareRequestFilter@712eb075, org.springframework.security.web.authentication.AnonymousAuthenticationFilter@27a8bfa1, org.springframework.security.web.session.SessionManagementFilter@6bea0866, org.springframework.security.web.access.ExceptionTranslationFilter@7b5e1b16, org.springframework.security.web.access.intercept.AuthorizationFilter@5166fe7a]
2026-04-30 00:46:44,947 INFO  o.a.coyote.http11.Http11NioProtocol [main] Starting ProtocolHandler ["http-nio-8081"]
2026-04-30 00:46:44,970 INFO  o.s.b.w.e.tomcat.TomcatWebServer [main] Tomcat started on port(s): 8081 (http) with context path ''
2026-04-30 00:46:44,981 INFO  com.ems.EmsApplication [main] Started EmsApplication in 6.447 seconds (process running for 6.941)
2026-04-30 00:46:48,488 INFO  o.a.c.c.C.[Tomcat].[localhost].[/] [http-nio-8081-exec-1] Initializing Spring DispatcherServlet 'dispatcherServlet'
2026-04-30 00:46:48,488 INFO  o.s.web.servlet.DispatcherServlet [http-nio-8081-exec-1] Initializing Servlet 'dispatcherServlet'
2026-04-30 00:46:48,489 INFO  o.s.web.servlet.DispatcherServlet [http-nio-8081-exec-1] Completed initialization in 1 ms
2026-04-30 00:47:15,064 WARN  o.s.s.c.bcrypt.BCryptPasswordEncoder [http-nio-8081-exec-3] Encoded password does not look like BCrypt
2026-04-30 00:47:16,535 WARN  o.s.s.c.bcrypt.BCryptPasswordEncoder [http-nio-8081-exec-5] Encoded password does not look like BCrypt
2026-04-30 00:47:16,752 WARN  o.s.s.c.bcrypt.BCryptPasswordEncoder [http-nio-8081-exec-7] Encoded password does not look like BCrypt
2026-04-30 00:47:22,825 WARN  o.s.s.c.bcrypt.BCryptPasswordEncoder [http-nio-8081-exec-8] Encoded password does not look like BCrypt
2026-04-30 00:47:25,029 WARN  o.s.s.c.bcrypt.BCryptPasswordEncoder [http-nio-8081-exec-9] Encoded password does not look like BCrypt
2026-04-30 00:48:56,559 INFO  o.s.o.j.LocalContainerEntityManagerFactoryBean [SpringApplicationShutdownHook] Closing JPA EntityManagerFactory for persistence unit 'default'
2026-04-30 00:48:56,562 INFO  com.zaxxer.hikari.HikariDataSource [SpringApplicationShutdownHook] HikariPool-1 - Shutdown initiated...
2026-04-30 00:48:56,570 INFO  com.zaxxer.hikari.HikariDataSource [SpringApplicationShutdownHook] HikariPool-1 - Shutdown completed.
2026-04-30 00:49:02,589 INFO  o.h.validator.internal.util.Version [background-preinit] HV000001: Hibernate Validator 8.0.1.Final
2026-04-30 00:49:02,650 INFO  com.ems.EmsApplication [main] Starting EmsApplication using Java 17.0.18 with PID 11500 (C:\Users\MSI\Documents\GitHub\Employee-management-system\target\classes started by MSI in C:\Users\MSI\Documents\GitHub\Employee-management-system)
2026-04-30 00:49:02,650 DEBUG com.ems.EmsApplication [main] Running with Spring Boot v3.1.5, Spring v6.0.13
2026-04-30 00:49:02,650 INFO  com.ems.EmsApplication [main] No active profile set, falling back to 1 default profile: "default"
2026-04-30 00:49:03,434 INFO  o.s.d.r.c.RepositoryConfigurationDelegate [main] Bootstrapping Spring Data JPA repositories in DEFAULT mode.
2026-04-30 00:49:03,503 INFO  o.s.d.r.c.RepositoryConfigurationDelegate [main] Finished Spring Data repository scanning in 62 ms. Found 6 JPA repository interfaces.
2026-04-30 00:49:04,244 INFO  o.s.b.w.e.tomcat.TomcatWebServer [main] Tomcat initialized with port(s): 8081 (http)
2026-04-30 00:49:04,252 INFO  o.a.coyote.http11.Http11NioProtocol [main] Initializing ProtocolHandler ["http-nio-8081"]
2026-04-30 00:49:04,254 INFO  o.a.catalina.core.StandardService [main] Starting service [Tomcat]
2026-04-30 00:49:04,254 INFO  o.a.catalina.core.StandardEngine [main] Starting Servlet engine: [Apache Tomcat/10.1.15]
2026-04-30 00:49:04,344 INFO  o.a.c.c.C.[Tomcat].[localhost].[/] [main] Initializing Spring embedded WebApplicationContext
2026-04-30 00:49:04,346 INFO  o.s.b.w.s.c.ServletWebServerApplicationContext [main] Root WebApplicationContext: initialization completed in 1649 ms
2026-04-30 00:49:04,455 INFO  o.h.jpa.internal.util.LogHelper [main] HHH000204: Processing PersistenceUnitInfo [name: default]
2026-04-30 00:49:04,516 INFO  org.hibernate.Version [main] HHH000412: Hibernate ORM core version 6.2.13.Final
2026-04-30 00:49:04,521 INFO  org.hibernate.cfg.Environment [main] HHH000406: Using bytecode reflection optimizer
2026-04-30 00:49:04,750 INFO  o.s.o.j.p.SpringPersistenceUnitInfo [main] No LoadTimeWeaver setup: ignoring JPA class transformer
2026-04-30 00:49:04,785 INFO  com.zaxxer.hikari.HikariDataSource [main] HikariPool-1 - Starting...
2026-04-30 00:49:04,925 INFO  com.zaxxer.hikari.pool.HikariPool [main] HikariPool-1 - Added connection com.mysql.cj.jdbc.ConnectionImpl@315b4202
2026-04-30 00:49:04,927 INFO  com.zaxxer.hikari.HikariDataSource [main] HikariPool-1 - Start completed.
2026-04-30 00:49:04,980 WARN  org.hibernate.orm.deprecation [main] HHH90000025: MySQLDialect does not need to be specified explicitly using 'hibernate.dialect' (remove the property setting and it will be selected by default)
2026-04-30 00:49:05,845 INFO  o.h.e.t.j.p.i.JtaPlatformInitiator [main] HHH000489: No JTA platform available (set 'hibernate.transaction.jta.platform' to enable JTA platform integration)
2026-04-30 00:49:05,964 INFO  o.s.o.j.LocalContainerEntityManagerFactoryBean [main] Initialized JPA EntityManagerFactory for persistence unit 'default'
2026-04-30 00:49:06,271 DEBUG com.ems.security.JwtRequestFilter [main] Filter 'jwtRequestFilter' configured for use
2026-04-30 00:49:06,336 INFO  o.s.d.j.r.query.QueryEnhancerFactory [main] Hibernate is in classpath; If applicable, HQL parser will be used.
2026-04-30 00:49:06,835 WARN  o.s.b.a.o.j.JpaBaseConfiguration$JpaWebConfiguration [main] spring.jpa.open-in-view is enabled by default. Therefore, database queries may be performed during view rendering. Explicitly configure spring.jpa.open-in-view to disable this warning
2026-04-30 00:49:06,920 INFO  o.s.b.a.w.s.WelcomePageHandlerMapping [main] Adding welcome page: class path resource [static/index.html]
2026-04-30 00:49:07,116 INFO  o.s.s.web.DefaultSecurityFilterChain [main] Will secure any request with [org.springframework.security.web.session.DisableEncodeUrlFilter@29f72685, org.springframework.security.web.context.request.async.WebAsyncManagerIntegrationFilter@4f8488ef, org.springframework.security.web.context.SecurityContextHolderFilter@39cf7f3c, org.springframework.security.web.header.HeaderWriterFilter@55fc6344, org.springframework.security.web.authentication.logout.LogoutFilter@6a2d0a19, com.ems.security.JwtRequestFilter@6b9fc5c7, org.springframework.security.web.savedrequest.RequestCacheAwareFilter@2fb9695a, org.springframework.security.web.servletapi.SecurityContextHolderAwareRequestFilter@712eb075, org.springframework.security.web.authentication.AnonymousAuthenticationFilter@27a8bfa1, org.springframework.security.web.session.SessionManagementFilter@6bea0866, org.springframework.security.web.access.ExceptionTranslationFilter@7b5e1b16, org.springframework.security.web.access.intercept.AuthorizationFilter@5166fe7a]
2026-04-30 00:49:07,327 INFO  o.a.coyote.http11.Http11NioProtocol [main] Starting ProtocolHandler ["http-nio-8081"]
2026-04-30 00:49:07,353 INFO  o.s.b.w.e.tomcat.TomcatWebServer [main] Tomcat started on port(s): 8081 (http) with context path ''
2026-04-30 00:49:07,364 INFO  com.ems.EmsApplication [main] Started EmsApplication in 5.349 seconds (process running for 5.774)
2026-04-30 00:49:17,253 INFO  o.a.c.c.C.[Tomcat].[localhost].[/] [http-nio-8081-exec-1] Initializing Spring DispatcherServlet 'dispatcherServlet'
2026-04-30 00:49:17,254 INFO  o.s.web.servlet.DispatcherServlet [http-nio-8081-exec-1] Initializing Servlet 'dispatcherServlet'
2026-04-30 00:49:17,255 INFO  o.s.web.servlet.DispatcherServlet [http-nio-8081-exec-1] Completed initialization in 1 ms
2026-04-30 00:50:31,328 INFO  o.s.o.j.LocalContainerEntityManagerFactoryBean [SpringApplicationShutdownHook] Closing JPA EntityManagerFactory for persistence unit 'default'
2026-04-30 00:50:31,331 INFO  com.zaxxer.hikari.HikariDataSource [SpringApplicationShutdownHook] HikariPool-1 - Shutdown initiated...
2026-04-30 00:50:31,342 INFO  com.zaxxer.hikari.HikariDataSource [SpringApplicationShutdownHook] HikariPool-1 - Shutdown completed.
2026-04-30 00:50:37,057 INFO  o.h.validator.internal.util.Version [background-preinit] HV000001: Hibernate Validator 8.0.1.Final
2026-04-30 00:50:37,114 INFO  com.ems.EmsApplication [main] Starting EmsApplication using Java 17.0.18 with PID 19228 (C:\Users\MSI\Documents\GitHub\Employee-management-system\target\classes started by MSI in C:\Users\MSI\Documents\GitHub\Employee-management-system)
2026-04-30 00:50:37,115 DEBUG com.ems.EmsApplication [main] Running with Spring Boot v3.1.5, Spring v6.0.13
2026-04-30 00:50:37,116 INFO  com.ems.EmsApplication [main] No active profile set, falling back to 1 default profile: "default"
2026-04-30 00:50:37,925 INFO  o.s.d.r.c.RepositoryConfigurationDelegate [main] Bootstrapping Spring Data JPA repositories in DEFAULT mode.
2026-04-30 00:50:37,989 INFO  o.s.d.r.c.RepositoryConfigurationDelegate [main] Finished Spring Data repository scanning in 57 ms. Found 6 JPA repository interfaces.
2026-04-30 00:50:38,651 INFO  o.s.b.w.e.tomcat.TomcatWebServer [main] Tomcat initialized with port(s): 8081 (http)
2026-04-30 00:50:38,661 INFO  o.a.coyote.http11.Http11NioProtocol [main] Initializing ProtocolHandler ["http-nio-8081"]
2026-04-30 00:50:38,664 INFO  o.a.catalina.core.StandardService [main] Starting service [Tomcat]
2026-04-30 00:50:38,664 INFO  o.a.catalina.core.StandardEngine [main] Starting Servlet engine: [Apache Tomcat/10.1.15]
2026-04-30 00:50:38,779 INFO  o.a.c.c.C.[Tomcat].[localhost].[/] [main] Initializing Spring embedded WebApplicationContext
2026-04-30 00:50:38,780 INFO  o.s.b.w.s.c.ServletWebServerApplicationContext [main] Root WebApplicationContext: initialization completed in 1614 ms
2026-04-30 00:50:38,940 INFO  o.h.jpa.internal.util.LogHelper [main] HHH000204: Processing PersistenceUnitInfo [name: default]
2026-04-30 00:50:39,029 INFO  org.hibernate.Version [main] HHH000412: Hibernate ORM core version 6.2.13.Final
2026-04-30 00:50:39,033 INFO  org.hibernate.cfg.Environment [main] HHH000406: Using bytecode reflection optimizer
2026-04-30 00:50:39,436 INFO  o.s.o.j.p.SpringPersistenceUnitInfo [main] No LoadTimeWeaver setup: ignoring JPA class transformer
2026-04-30 00:50:39,486 INFO  com.zaxxer.hikari.HikariDataSource [main] HikariPool-1 - Starting...
2026-04-30 00:50:39,664 INFO  com.zaxxer.hikari.pool.HikariPool [main] HikariPool-1 - Added connection com.mysql.cj.jdbc.ConnectionImpl@6a51ae7c
2026-04-30 00:50:39,666 INFO  com.zaxxer.hikari.HikariDataSource [main] HikariPool-1 - Start completed.
2026-04-30 00:50:39,725 WARN  org.hibernate.orm.deprecation [main] HHH90000025: MySQLDialect does not need to be specified explicitly using 'hibernate.dialect' (remove the property setting and it will be selected by default)
2026-04-30 00:50:40,733 INFO  o.h.e.t.j.p.i.JtaPlatformInitiator [main] HHH000489: No JTA platform available (set 'hibernate.transaction.jta.platform' to enable JTA platform integration)
2026-04-30 00:50:40,849 INFO  o.s.o.j.LocalContainerEntityManagerFactoryBean [main] Initialized JPA EntityManagerFactory for persistence unit 'default'
2026-04-30 00:50:41,172 DEBUG com.ems.security.JwtRequestFilter [main] Filter 'jwtRequestFilter' configured for use
2026-04-30 00:50:41,233 INFO  o.s.d.j.r.query.QueryEnhancerFactory [main] Hibernate is in classpath; If applicable, HQL parser will be used.
2026-04-30 00:50:41,762 WARN  o.s.b.a.o.j.JpaBaseConfiguration$JpaWebConfiguration [main] spring.jpa.open-in-view is enabled by default. Therefore, database queries may be performed during view rendering. Explicitly configure spring.jpa.open-in-view to disable this warning
2026-04-30 00:50:41,863 INFO  o.s.b.a.w.s.WelcomePageHandlerMapping [main] Adding welcome page: class path resource [static/index.html]
2026-04-30 00:50:42,057 INFO  o.s.s.web.DefaultSecurityFilterChain [main] Will secure any request with [org.springframework.security.web.session.DisableEncodeUrlFilter@27a8bfa1, org.springframework.security.web.context.request.async.WebAsyncManagerIntegrationFilter@56114349, org.springframework.security.web.context.SecurityContextHolderFilter@2fb9695a, org.springframework.security.web.header.HeaderWriterFilter@267d9cc0, org.springframework.security.web.authentication.logout.LogoutFilter@5687e92d, com.ems.security.JwtRequestFilter@4fea23d6, org.springframework.security.web.savedrequest.RequestCacheAwareFilter@712eb075, org.springframework.security.web.servletapi.SecurityContextHolderAwareRequestFilter@78c34153, org.springframework.security.web.authentication.AnonymousAuthenticationFilter@46c28400, org.springframework.security.web.session.SessionManagementFilter@471b7c9c, org.springframework.security.web.access.ExceptionTranslationFilter@55fc6344, org.springframework.security.web.access.intercept.AuthorizationFilter@3b09582d]
2026-04-30 00:50:42,253 INFO  o.a.coyote.http11.Http11NioProtocol [main] Starting ProtocolHandler ["http-nio-8081"]
2026-04-30 00:50:42,283 INFO  o.s.b.w.e.tomcat.TomcatWebServer [main] Tomcat started on port(s): 8081 (http) with context path ''
2026-04-30 00:50:42,293 INFO  com.ems.EmsApplication [main] Started EmsApplication in 5.757 seconds (process running for 6.173)
2026-04-30 00:50:57,647 INFO  o.a.c.c.C.[Tomcat].[localhost].[/] [http-nio-8081-exec-1] Initializing Spring DispatcherServlet 'dispatcherServlet'
2026-04-30 00:50:57,648 INFO  o.s.web.servlet.DispatcherServlet [http-nio-8081-exec-1] Initializing Servlet 'dispatcherServlet'
2026-04-30 00:50:57,649 INFO  o.s.web.servlet.DispatcherServlet [http-nio-8081-exec-1] Completed initialization in 1 ms
2026-04-30 00:50:57,897 WARN  com.ems.security.JwtRequestFilter [http-nio-8081-exec-4] JWT token validation failed
2026-04-30 00:50:57,897 WARN  com.ems.security.JwtRequestFilter [http-nio-8081-exec-2] JWT token validation failed
2026-04-30 00:50:57,897 WARN  com.ems.security.JwtRequestFilter [http-nio-8081-exec-5] JWT token validation failed
2026-04-30 00:51:05,369 WARN  com.ems.security.JwtRequestFilter [http-nio-8081-exec-6] JWT token validation failed
2026-04-30 00:51:05,369 WARN  com.ems.security.JwtRequestFilter [http-nio-8081-exec-7] JWT token validation failed
2026-04-30 00:51:06,192 WARN  com.ems.security.JwtRequestFilter [http-nio-8081-exec-8] JWT token validation failed
2026-04-30 00:51:07,151 WARN  com.ems.security.JwtRequestFilter [http-nio-8081-exec-9] JWT token validation failed
2026-04-30 00:51:07,882 WARN  com.ems.security.JwtRequestFilter [http-nio-8081-exec-3] JWT token validation failed
2026-04-30 00:51:09,261 WARN  com.ems.security.JwtRequestFilter [http-nio-8081-exec-1] JWT token validation failed
2026-04-30 00:51:09,275 WARN  com.ems.security.JwtRequestFilter [http-nio-8081-exec-10] JWT token validation failed
2026-04-30 00:51:11,876 WARN  com.ems.security.JwtRequestFilter [http-nio-8081-exec-5] JWT token validation failed
2026-04-30 00:51:13,488 WARN  com.ems.security.JwtRequestFilter [http-nio-8081-exec-2] JWT token validation failed
2026-04-30 00:51:41,816 WARN  com.ems.security.JwtRequestFilter [http-nio-8081-exec-6] JWT token validation failed
2026-04-30 00:51:41,816 WARN  com.ems.security.JwtRequestFilter [http-nio-8081-exec-7] JWT token validation failed
2026-04-30 00:51:42,549 WARN  com.ems.security.JwtRequestFilter [http-nio-8081-exec-8] JWT token validation failed
2026-04-30 00:51:43,237 WARN  com.ems.security.JwtRequestFilter [http-nio-8081-exec-9] JWT token validation failed
2026-04-30 00:51:44,824 WARN  com.ems.security.JwtRequestFilter [http-nio-8081-exec-3] JWT token validation failed
2026-04-30 00:51:44,825 WARN  com.ems.security.JwtRequestFilter [http-nio-8081-exec-1] JWT token validation failed
2026-04-30 00:51:46,005 WARN  com.ems.security.JwtRequestFilter [http-nio-8081-exec-10] JWT token validation failed
2026-04-30 00:52:32,952 INFO  o.s.o.j.LocalContainerEntityManagerFactoryBean [SpringApplicationShutdownHook] Closing JPA EntityManagerFactory for persistence unit 'default'
2026-04-30 00:52:32,954 INFO  com.zaxxer.hikari.HikariDataSource [SpringApplicationShutdownHook] HikariPool-1 - Shutdown initiated...
2026-04-30 00:52:32,962 INFO  com.zaxxer.hikari.HikariDataSource [SpringApplicationShutdownHook] HikariPool-1 - Shutdown completed.
2026-04-30 00:52:37,522 INFO  o.h.validator.internal.util.Version [background-preinit] HV000001: Hibernate Validator 8.0.1.Final
2026-04-30 00:52:37,578 INFO  com.ems.EmsApplication [main] Starting EmsApplication using Java 17.0.18 with PID 27628 (C:\Users\MSI\Documents\GitHub\Employee-management-system\target\classes started by MSI in C:\Users\MSI\Documents\GitHub\Employee-management-system)
2026-04-30 00:52:37,578 DEBUG com.ems.EmsApplication [main] Running with Spring Boot v3.1.5, Spring v6.0.13
2026-04-30 00:52:37,580 INFO  com.ems.EmsApplication [main] No active profile set, falling back to 1 default profile: "default"
2026-04-30 00:52:38,452 INFO  o.s.d.r.c.RepositoryConfigurationDelegate [main] Bootstrapping Spring Data JPA repositories in DEFAULT mode.
2026-04-30 00:52:38,517 INFO  o.s.d.r.c.RepositoryConfigurationDelegate [main] Finished Spring Data repository scanning in 59 ms. Found 6 JPA repository interfaces.
2026-04-30 00:52:39,163 INFO  o.s.b.w.e.tomcat.TomcatWebServer [main] Tomcat initialized with port(s): 8081 (http)
2026-04-30 00:52:39,171 INFO  o.a.coyote.http11.Http11NioProtocol [main] Initializing ProtocolHandler ["http-nio-8081"]
2026-04-30 00:52:39,173 INFO  o.a.catalina.core.StandardService [main] Starting service [Tomcat]
2026-04-30 00:52:39,173 INFO  o.a.catalina.core.StandardEngine [main] Starting Servlet engine: [Apache Tomcat/10.1.15]
2026-04-30 00:52:39,285 INFO  o.a.c.c.C.[Tomcat].[localhost].[/] [main] Initializing Spring embedded WebApplicationContext
2026-04-30 00:52:39,286 INFO  o.s.b.w.s.c.ServletWebServerApplicationContext [main] Root WebApplicationContext: initialization completed in 1645 ms
2026-04-30 00:52:39,394 INFO  o.h.jpa.internal.util.LogHelper [main] HHH000204: Processing PersistenceUnitInfo [name: default]
2026-04-30 00:52:39,444 INFO  org.hibernate.Version [main] HHH000412: Hibernate ORM core version 6.2.13.Final
2026-04-30 00:52:39,447 INFO  org.hibernate.cfg.Environment [main] HHH000406: Using bytecode reflection optimizer
2026-04-30 00:52:39,702 INFO  o.s.o.j.p.SpringPersistenceUnitInfo [main] No LoadTimeWeaver setup: ignoring JPA class transformer
2026-04-30 00:52:39,741 INFO  com.zaxxer.hikari.HikariDataSource [main] HikariPool-1 - Starting...
2026-04-30 00:52:39,889 INFO  com.zaxxer.hikari.pool.HikariPool [main] HikariPool-1 - Added connection com.mysql.cj.jdbc.ConnectionImpl@5a899811
2026-04-30 00:52:39,891 INFO  com.zaxxer.hikari.HikariDataSource [main] HikariPool-1 - Start completed.
2026-04-30 00:52:39,943 WARN  org.hibernate.orm.deprecation [main] HHH90000025: MySQLDialect does not need to be specified explicitly using 'hibernate.dialect' (remove the property setting and it will be selected by default)
2026-04-30 00:52:40,991 INFO  o.h.e.t.j.p.i.JtaPlatformInitiator [main] HHH000489: No JTA platform available (set 'hibernate.transaction.jta.platform' to enable JTA platform integration)
2026-04-30 00:52:41,114 INFO  o.s.o.j.LocalContainerEntityManagerFactoryBean [main] Initialized JPA EntityManagerFactory for persistence unit 'default'
2026-04-30 00:52:41,419 DEBUG com.ems.security.JwtRequestFilter [main] Filter 'jwtRequestFilter' configured for use
2026-04-30 00:52:41,483 INFO  o.s.d.j.r.query.QueryEnhancerFactory [main] Hibernate is in classpath; If applicable, HQL parser will be used.
2026-04-30 00:52:42,180 WARN  o.s.b.a.o.j.JpaBaseConfiguration$JpaWebConfiguration [main] spring.jpa.open-in-view is enabled by default. Therefore, database queries may be performed during view rendering. Explicitly configure spring.jpa.open-in-view to disable this warning
2026-04-30 00:52:42,266 INFO  o.s.b.a.w.s.WelcomePageHandlerMapping [main] Adding welcome page: class path resource [static/index.html]
2026-04-30 00:52:42,465 INFO  o.s.s.web.DefaultSecurityFilterChain [main] Will secure any request with [org.springframework.security.web.session.DisableEncodeUrlFilter@4f8488ef, org.springframework.security.web.context.request.async.WebAsyncManagerIntegrationFilter@27a8bfa1, org.springframework.security.web.context.SecurityContextHolderFilter@25df95b, org.springframework.security.web.header.HeaderWriterFilter@2df0a4c3, org.springframework.security.web.authentication.logout.LogoutFilter@5702e6f3, com.ems.security.JwtRequestFilter@6b30ff23, org.springframework.security.web.savedrequest.RequestCacheAwareFilter@33da0fad, org.springframework.security.web.servletapi.SecurityContextHolderAwareRequestFilter@1cd4082a, org.springframework.security.web.authentication.AnonymousAuthenticationFilter@56114349, org.springframework.security.web.session.SessionManagementFilter@3c5d183, org.springframework.security.web.access.ExceptionTranslationFilter@4d65fbad, org.springframework.security.web.access.intercept.AuthorizationFilter@7a925ac4]
2026-04-30 00:52:42,686 INFO  o.a.coyote.http11.Http11NioProtocol [main] Starting ProtocolHandler ["http-nio-8081"]
2026-04-30 00:52:42,714 INFO  o.s.b.w.e.tomcat.TomcatWebServer [main] Tomcat started on port(s): 8081 (http) with context path ''
2026-04-30 00:52:42,726 INFO  com.ems.EmsApplication [main] Started EmsApplication in 5.814 seconds (process running for 6.236)
2026-04-30 00:52:52,013 INFO  o.a.c.c.C.[Tomcat].[localhost].[/] [http-nio-8081-exec-1] Initializing Spring DispatcherServlet 'dispatcherServlet'
2026-04-30 00:52:52,014 INFO  o.s.web.servlet.DispatcherServlet [http-nio-8081-exec-1] Initializing Servlet 'dispatcherServlet'
2026-04-30 00:52:52,016 INFO  o.s.web.servlet.DispatcherServlet [http-nio-8081-exec-1] Completed initialization in 2 ms
2026-04-30 00:52:52,165 WARN  com.ems.security.JwtRequestFilter [http-nio-8081-exec-4] JWT token validation failed
2026-04-30 00:52:52,165 WARN  com.ems.security.JwtRequestFilter [http-nio-8081-exec-2] JWT token validation failed
2026-04-30 00:52:52,165 WARN  com.ems.security.JwtRequestFilter [http-nio-8081-exec-5] JWT token validation failed
2026-04-30 00:53:07,374 INFO  c.e.controller.DepartmentController [http-nio-8081-exec-7] Fetching all departments
2026-04-30 00:53:07,375 INFO  c.ems.controller.EmployeeController [http-nio-8081-exec-6] Fetching all employees
2026-04-30 00:53:07,471 INFO  c.e.controller.DepartmentController [http-nio-8081-exec-3] Fetching all departments
2026-04-30 00:53:13,234 INFO  c.ems.controller.EmployeeController [http-nio-8081-exec-2] Fetching all employees
2026-04-30 00:53:14,156 INFO  c.ems.controller.ProjectController [http-nio-8081-exec-5] Fetching all projects
2026-04-30 00:53:15,554 INFO  c.ems.controller.EmployeeController [http-nio-8081-exec-8] Fetching all employees
2026-04-30 00:53:18,080 INFO  c.ems.controller.EmployeeController [http-nio-8081-exec-9] Fetching all employees
2026-04-30 00:53:18,121 INFO  c.ems.controller.ProjectController [http-nio-8081-exec-10] Fetching all projects
2026-04-30 00:53:19,699 INFO  c.e.c.LeaveRequestController [http-nio-8081-exec-7] Fetching all leave requests
2026-04-30 00:53:20,473 INFO  c.e.controller.DepartmentController [http-nio-8081-exec-1] Fetching all departments
2026-04-30 01:36:32,457 INFO  o.h.validator.internal.util.Version [background-preinit] HV000001: Hibernate Validator 8.0.1.Final
2026-04-30 01:36:33,002 INFO  com.ems.EmsApplication [main] Starting EmsApplication using Java 17.0.18 with PID 27908 (C:\Users\MSI\Documents\GitHub\Employee-management-system\target\classes started by MSI in C:\Users\MSI\Documents\GitHub\Employee-management-system)
2026-04-30 01:36:33,002 DEBUG com.ems.EmsApplication [main] Running with Spring Boot v3.1.5, Spring v6.0.13
2026-04-30 01:36:33,003 INFO  com.ems.EmsApplication [main] No active profile set, falling back to 1 default profile: "default"
2026-04-30 01:36:38,015 INFO  o.s.d.r.c.RepositoryConfigurationDelegate [main] Bootstrapping Spring Data JPA repositories in DEFAULT mode.
2026-04-30 01:36:38,385 INFO  o.s.d.r.c.RepositoryConfigurationDelegate [main] Finished Spring Data repository scanning in 340 ms. Found 6 JPA repository interfaces.
2026-04-30 01:36:39,241 INFO  o.s.b.w.e.tomcat.TomcatWebServer [main] Tomcat initialized with port(s): 8080 (http)
2026-04-30 01:36:39,261 INFO  o.a.coyote.http11.Http11NioProtocol [main] Initializing ProtocolHandler ["http-nio-8080"]
2026-04-30 01:36:39,281 INFO  o.a.catalina.core.StandardService [main] Starting service [Tomcat]
2026-04-30 01:36:39,283 INFO  o.a.catalina.core.StandardEngine [main] Starting Servlet engine: [Apache Tomcat/10.1.15]
2026-04-30 01:36:39,407 INFO  o.a.c.c.C.[Tomcat].[localhost].[/] [main] Initializing Spring embedded WebApplicationContext
2026-04-30 01:36:39,408 INFO  o.s.b.w.s.c.ServletWebServerApplicationContext [main] Root WebApplicationContext: initialization completed in 6190 ms
2026-04-30 01:36:39,559 INFO  o.h.jpa.internal.util.LogHelper [main] HHH000204: Processing PersistenceUnitInfo [name: default]
2026-04-30 01:36:39,661 INFO  org.hibernate.Version [main] HHH000412: Hibernate ORM core version 6.2.13.Final
2026-04-30 01:36:39,664 INFO  org.hibernate.cfg.Environment [main] HHH000406: Using bytecode reflection optimizer
2026-04-30 01:36:41,086 INFO  o.s.o.j.p.SpringPersistenceUnitInfo [main] No LoadTimeWeaver setup: ignoring JPA class transformer
2026-04-30 01:36:41,327 INFO  com.zaxxer.hikari.HikariDataSource [main] HikariPool-1 - Starting...
2026-04-30 01:36:41,698 INFO  com.zaxxer.hikari.pool.HikariPool [main] HikariPool-1 - Added connection com.mysql.cj.jdbc.ConnectionImpl@40f9f60d
2026-04-30 01:36:41,700 INFO  com.zaxxer.hikari.HikariDataSource [main] HikariPool-1 - Start completed.
2026-04-30 01:36:41,811 WARN  org.hibernate.orm.deprecation [main] HHH90000025: MySQLDialect does not need to be specified explicitly using 'hibernate.dialect' (remove the property setting and it will be selected by default)
2026-04-30 01:36:43,568 INFO  o.h.e.t.j.p.i.JtaPlatformInitiator [main] HHH000489: No JTA platform available (set 'hibernate.transaction.jta.platform' to enable JTA platform integration)
2026-04-30 01:36:43,786 INFO  o.s.o.j.LocalContainerEntityManagerFactoryBean [main] Initialized JPA EntityManagerFactory for persistence unit 'default'
2026-04-30 01:36:44,158 DEBUG com.ems.security.JwtRequestFilter [main] Filter 'jwtRequestFilter' configured for use
2026-04-30 01:36:44,227 INFO  o.s.d.j.r.query.QueryEnhancerFactory [main] Hibernate is in classpath; If applicable, HQL parser will be used.
2026-04-30 01:36:44,970 WARN  o.s.b.a.o.j.JpaBaseConfiguration$JpaWebConfiguration [main] spring.jpa.open-in-view is enabled by default. Therefore, database queries may be performed during view rendering. Explicitly configure spring.jpa.open-in-view to disable this warning
2026-04-30 01:36:45,087 INFO  o.s.b.a.w.s.WelcomePageHandlerMapping [main] Adding welcome page: class path resource [static/index.html]
2026-04-30 01:36:45,305 INFO  o.s.s.web.DefaultSecurityFilterChain [main] Will secure any request with [org.springframework.security.web.session.DisableEncodeUrlFilter@6f45a2fd, org.springframework.security.web.context.request.async.WebAsyncManagerIntegrationFilter@6792aa3e, org.springframework.security.web.context.SecurityContextHolderFilter@52bcd7c9, org.springframework.security.web.header.HeaderWriterFilter@78c34153, org.springframework.security.web.authentication.logout.LogoutFilter@5d28e108, com.ems.security.JwtRequestFilter@34f32575, org.springframework.security.web.savedrequest.RequestCacheAwareFilter@25fb43a9, org.springframework.security.web.servletapi.SecurityContextHolderAwareRequestFilter@6dccdc50, org.springframework.security.web.authentication.AnonymousAuthenticationFilter@1027cdcd, org.springframework.security.web.session.SessionManagementFilter@31b827a6, org.springframework.security.web.access.ExceptionTranslationFilter@712eb075, org.springframework.security.web.access.intercept.AuthorizationFilter@6a4c4261]
2026-04-30 01:36:45,527 INFO  o.a.coyote.http11.Http11NioProtocol [main] Starting ProtocolHandler ["http-nio-8080"]
2026-04-30 01:36:45,557 INFO  o.s.b.w.e.tomcat.TomcatWebServer [main] Tomcat started on port(s): 8080 (http) with context path ''
2026-04-30 01:36:45,572 INFO  com.ems.EmsApplication [main] Started EmsApplication in 17.031 seconds (process running for 18.748)
2026-04-30 01:36:45,745 DEBUG org.hibernate.SQL [main] select u1_0.id,u1_0.full_name,u1_0.password,u1_0.role,u1_0.username from users u1_0 where u1_0.username=?
2026-04-30 01:36:45,879 DEBUG org.hibernate.SQL [main] select u1_0.id,u1_0.full_name,u1_0.password,u1_0.role,u1_0.username from users u1_0 where u1_0.id=?
2026-04-30 01:36:45,908 DEBUG org.hibernate.SQL [main] update users set full_name=?,password=?,role=?,username=? where id=?
2026-04-30 01:36:45,936 DEBUG org.hibernate.SQL [main] select u1_0.id,u1_0.full_name,u1_0.password,u1_0.role,u1_0.username from users u1_0 where u1_0.username=?
2026-04-30 01:36:46,025 DEBUG org.hibernate.SQL [main] select u1_0.id,u1_0.full_name,u1_0.password,u1_0.role,u1_0.username from users u1_0 where u1_0.id=?
2026-04-30 01:36:46,027 DEBUG org.hibernate.SQL [main] update users set full_name=?,password=?,role=?,username=? where id=?
2026-04-30 01:36:46,060 DEBUG org.hibernate.SQL [main] select count(*) from departments d1_0
